C51 COMPILER V9.54   LCD                                                                   11/21/2020 14:25:50 PAGE 1   


C51 COMPILER V9.54, COMPILATION OF MODULE LCD
OBJECT MODULE PLACED IN ..\Output\lcd.obj
COMPILER INVOKED BY: D:\keilARM\C51\BIN\C51.EXE lcd.c OPTIMIZE(8,SPEED) BROWSE DEBUG OBJECTEXTEND PRINT(..\Listing\lcd.l
                    -st) TABS(2) OBJECT(..\Output\lcd.obj)

line level    source

   1          #include "lcd.h"
   2          
   3          /*******************************************************************************
   4          * 函 数 名         : Lcd1602_Delay1ms
   5          * 函数功能       : 延时函数，延时1ms
   6          * 输    入         : c
   7          * 输    出         : 无
   8          * 说    名         : 该函数是在12MHZ晶振下，12分频单片机的延时。
   9          *******************************************************************************/
  10          
  11          void Lcd1602_Delay1ms(uint c)   //误差 0us
  12          {
  13   1          uchar a,b;
  14   1        for (; c>0; c--)
  15   1        {
  16   2           for (b=199;b>0;b--)
  17   2           {
  18   3              for(a=1;a>0;a--);
  19   3           }      
  20   2        }
  21   1            
  22   1      }
  23          
  24          /*******************************************************************************
  25          * 函 数 名         : LcdWriteCom
  26          * 函数功能       : 向LCD写入一个字节的命令
  27          * 输    入         : com
  28          * 输    出         : 无
  29          *******************************************************************************/
  30          #ifndef   LCD1602_4PINS  //当没有定义这个LCD1602_4PINS时
  31          void LcdWriteCom(uchar com)   //写入命令
  32          {
  33   1        LCD1602_E = 0;     //使能
  34   1        LCD1602_RS = 0;    //选择发送命令
  35   1        LCD1602_RW = 0;    //选择写入
  36   1        
  37   1        LCD1602_DATAPINS = com;     //放入命令
  38   1        Lcd1602_Delay1ms(1);    //等待数据稳定
  39   1      
  40   1        LCD1602_E = 1;            //写入时序
  41   1        Lcd1602_Delay1ms(5);    //保持时间
  42   1        LCD1602_E = 0;
  43   1      }
  44          #else 
              void LcdWriteCom(uchar com)   //写入命令
              {
                LCD1602_E = 0;   //使能清零
                LCD1602_RS = 0;  //选择写入命令
                LCD1602_RW = 0;  //选择写入
              
                LCD1602_DATAPINS = com; //由于4位的接线是接到P0口的高四位，所以传送高四位不用改
                Lcd1602_Delay1ms(1);
              
                LCD1602_E = 1;   //写入时序
C51 COMPILER V9.54   LCD                                                                   11/21/2020 14:25:50 PAGE 2   

                Lcd1602_Delay1ms(5);
                LCD1602_E = 0;
              
                LCD1602_DATAPINS = com << 4; //发送低四位
                Lcd1602_Delay1ms(1);
              
                LCD1602_E = 1;   //写入时序
                Lcd1602_Delay1ms(5);
                LCD1602_E = 0;
              }
              #endif
  66          /*******************************************************************************
  67          * 函 数 名         : LcdWriteData
  68          * 函数功能       : 向LCD写入一个字节的数据
  69          * 输    入         : dat
  70          * 输    出         : 无
  71          *******************************************************************************/       
  72          #ifndef   LCD1602_4PINS      
  73          void LcdWriteData(uchar dat)      //写入数据
  74          {
  75   1        LCD1602_E = 0;  //使能清零
  76   1        LCD1602_RS = 1; //选择输入数据
  77   1        LCD1602_RW = 0; //选择写入
  78   1      
  79   1        LCD1602_DATAPINS = dat; //写入数据
  80   1        Lcd1602_Delay1ms(1);
  81   1      
  82   1        LCD1602_E = 1;   //写入时序
  83   1        Lcd1602_Delay1ms(5);   //保持时间
  84   1        LCD1602_E = 0;
  85   1      }
  86          #else
              void LcdWriteData(uchar dat)      //写入数据
              {
                LCD1602_E = 0;    //使能清零
                LCD1602_RS = 1;   //选择写入数据
                LCD1602_RW = 0;   //选择写入
              
                LCD1602_DATAPINS = dat; //由于4位的接线是接到P0口的高四位，所以传送高四位不用改
                Lcd1602_Delay1ms(1);
              
                LCD1602_E = 1;    //写入时序
                Lcd1602_Delay1ms(5);
                LCD1602_E = 0;
              
                LCD1602_DATAPINS = dat << 4; //写入低四位
                Lcd1602_Delay1ms(1);
              
                LCD1602_E = 1;    //写入时序
                Lcd1602_Delay1ms(5);
                LCD1602_E = 0;
              }
              #endif
 108          /*******************************************************************************
 109          * 函 数 名       : LcdInit()
 110          * 函数功能     : 初始化LCD屏
 111          * 输    入       : 无
 112          * 输    出       : 无
 113          *******************************************************************************/       
 114          #ifndef   LCD1602_4PINS
 115          void LcdInit()              //LCD初始化子程序
 116          {
C51 COMPILER V9.54   LCD                                                                   11/21/2020 14:25:50 PAGE 3   

 117   1        LcdWriteCom(0x38);  //开显示
 118   1        LcdWriteCom(0x0c);  //开显示不显示光标
 119   1        LcdWriteCom(0x06);  //写一个指针加1
 120   1        LcdWriteCom(0x01);  //清屏
 121   1      //  LcdWriteCom(0x80+0x40);  //设置数据指针起点
 122   1      }
 123          #else
              void LcdInit()              //LCD初始化子程序
              {
                LcdWriteCom(0x32);   //将8位总线转为4位总线
                LcdWriteCom(0x28);   //在四位线下的初始化
                LcdWriteCom(0x0c);  //开显示不显示光标
                LcdWriteCom(0x06);  //写一个指针加1
                LcdWriteCom(0x01);  //清屏 
              //  LcdWriteCom(0x80+0x40);  //设置数据指针起点
              }
              #endif
 134          
 135          void xianshi_x_y(uchar x,uchar y,char *str,uchar len)
 136          {
 137   1        unsigned char i;
 138   1        switch(x)
 139   1        {
 140   2          case 1:LcdWriteCom(0x80+y);break;
 141   2          case 2:LcdWriteCom(0x80+0x40+y);break;
 142   2        }
 143   1        
 144   1        for(i=0;i<len;i++)
 145   1        {
 146   2          LcdWriteData(str[i]);
 147   2          Lcd1602_Delay1ms(10);
 148   2        }
 149   1      }
 150          
 151          void DisplayOneChar(unsigned char X, unsigned char Y, unsigned char DData)
 152          {
 153   1        Y &= 0x1;
 154   1        X &= 0xF; //限制X不能大于15，Y不能大于1
 155   1        if (Y) X |= 0x40; //当要显示第二行时地址码+0x40;
 156   1        X |= 0x80; //算出指令码
 157   1        LcdWriteCom(X); //发命令字
 158   1        LcdWriteData(DData); //发数据
 159   1      }


MODULE INFORMATION:   STATIC OVERLAYABLE
   CODE SIZE        =    180    ----
   CONSTANT SIZE    =   ----    ----
   XDATA SIZE       =   ----    ----
   PDATA SIZE       =   ----    ----
   DATA SIZE        =   ----       7
   IDATA SIZE       =   ----    ----
   BIT SIZE         =   ----    ----
END OF MODULE INFORMATION.


C51 COMPILATION COMPLETE.  0 WARNING(S),  0 ERROR(S)
