C51 COMPILER V9.54   TIMER0                                                                11/21/2020 14:25:50 PAGE 1   


C51 COMPILER V9.54, COMPILATION OF MODULE TIMER0
OBJECT MODULE PLACED IN ..\Output\timer0.obj
COMPILER INVOKED BY: D:\keilARM\C51\BIN\C51.EXE timer0.c OPTIMIZE(8,SPEED) BROWSE DEBUG OBJECTEXTEND PRINT(..\Listing\ti
                    -mer0.lst) TABS(2) OBJECT(..\Output\timer0.obj)

line level    source

   1          #include "TIMER0.h"
   2          sbit RUNING_LED=P2^1;
   3          
   4          void Timer0Init(void)   //10毫秒@115200
   5          {
   6   1        AUXR &= 0x7F;   
   7   1        TMOD &= 0xF0;   
   8   1        TMOD |= 0x01;   //
   9   1        TL0 = 0x00;   //
  10   1        TH0 = 0xDC;   //
  11   1        TF0 = 0;    //
  12   1        ET0 = 1;        //
  13   1        TR0 = 0;    //停止计时
  14   1      }
  15          void TIM_SetCounter(void)       //重新装值
  16          {
  17   1        TL0 = 0x00;   //
  18   1        TH0 = 0xDC;   //
  19   1      }
  20          /*******************************************************************************
  21          * 函数名 : Timer0_ISR
  22          * 描述   : 定时器0中断服务入口函数,20ms中断一次
  23          * 输入   : 
  24          * 输出   : 
  25          * 返回   : 
  26          * 注意   : 
  27          *******************************************************************************/
  28          void Timer0_ISR() interrupt 1
  29          {
  30   1        TR0=0;//关定时器
  31   1        USART1_RX_STA|=1<<15; //
  32   1        USART1_RX_BUF[USART1_RX_STA&0X7FFF]=0;//添加结束符
  33   1        if(!USART1_RX_REC_ATCOMMAD) 
  34   1        {   
  35   2          USART1_RX_STA=0;    
  36   2          if(strstr((char*)USART1_RX_BUF,"RING")!=NULL) Flag_Rec_Call=1;//检测是否是来电话了
  37   2        } 
  38   1      }


MODULE INFORMATION:   STATIC OVERLAYABLE
   CODE SIZE        =    142    ----
   CONSTANT SIZE    =      5    ----
   XDATA SIZE       =   ----    ----
   PDATA SIZE       =   ----    ----
   DATA SIZE        =   ----    ----
   IDATA SIZE       =   ----    ----
   BIT SIZE         =   ----    ----
END OF MODULE INFORMATION.


C51 COMPILATION COMPLETE.  0 WARNING(S),  0 ERROR(S)
